<?xml version="1.0" encoding="UTF-8"?>
<!-- Generated by org.testng.reporters.JUnitReportReporter -->
<testsuite hostname="DESKTOP-2848GVF" failures="0" tests="1" name="login.MyTestcases" time="0.008" errors="0" timestamp="2025-07-04T20:43:55 EET" skipped="0">
  <testcase classname="login.MyTestcases" name="myFirstTest" time="0.008"/>
</testsuite> <!-- login.MyTestcases -->
