<?xml version="1.0" encoding="UTF-8"?>
<!-- Generated by org.testng.reporters.JUnitReportReporter -->
<testsuite hostname="DESKTOP-2848GVF" failures="0" tests="1" name="first_project.my_first_test" time="0.418" errors="0" timestamp="2025-06-28T01:20:26 EET" skipped="0">
  <testcase classname="first_project.my_first_test" name="myfirst_test" time="0.418"/>
</testsuite> <!-- first_project.my_first_test -->
